<?xml version="1.0" encoding="UTF-8"?>
<!-- Generated by org.testng.reporters.JUnitReportReporter -->
<testsuite skipped="0" hostname="HimPC" name="Academy.HomePage" tests="1" failures="0" timestamp="21 Oct 2018 10:19:55 GMT" time="10.852" errors="0">
  <testcase name="landingAndVerifyingFieldValues" time="10.852" classname="Academy.HomePage"/>
</testsuite> <!-- Academy.HomePage -->
