<?xml version="1.0" encoding="UTF-8"?>
<!-- Generated by org.testng.reporters.JUnitReportReporter -->
<testsuite skipped="0" hostname="HimPC" name="testCases.WeatherForcastTestCase" tests="4" failures="0" timestamp="21 Oct 2018 20:09:14 GMT" time="56.448" errors="0">
  <testcase name="verifyValidCityName" time="17.446" classname="testCases.WeatherForcastTestCase"/>
  <testcase name="landingAndVerifyingFieldValues" time="10.039" classname="testCases.WeatherForcastTestCase"/>
  <testcase name="checkForValidAndInvalidSignIn" time="15.959" classname="testCases.WeatherForcastTestCase"/>
  <testcase name="verifyInvalidCityName" time="13.004" classname="testCases.WeatherForcastTestCase"/>
</testsuite> <!-- testCases.WeatherForcastTestCase -->
